***** Section <default> *****
Stats: size=64  blocks=64  symbols=8  literals=0  relocations=9
Blocks
    name        start   size  #ins #dir #sto
    <default>   00000  00040    19    3    0
Symbols
    name        hex       dec  scope     kind      type      description
    ADDN     000000         0  exported  relative  code      label
    HALT     00000A        10  local     relative  code      label
    RSUM     00000D        13  local     relative  code      label
    RSUMEX   00002D        45  local     relative  code      label
    SINIT    000000         0  imported  relative  notlabel  
    SPOP     000000         0  imported  relative  notlabel  
    SPUSH    000000         0  imported  relative  notlabel  
    STKP     000000         0  imported  relative  notlabel  
Literals
    label   definition
Relocations
    address length flag symbol
    00001        5  +    SINIT
    0000E        5  +    STKP
    00012        5  +    SPUSH
    00016        5  +    STKP
    0001A        5  +    SPUSH
    0002E        5  +    SPOP
    00032        5  +    STKP
    00036        5  +    SPOP
    0003A        5  +    STKP
