***** Section <default> *****
Stats: size=3058  blocks=3058  symbols=7  literals=0  relocations=7
Blocks
    name        start   size  #ins #dir #sto
    <default>   00000  00BF2    17    3    2
Symbols
    name        hex       dec  scope     kind      type      description
    SINIT    000000         0  exported  relative  code      label
    SPOP     000022        34  exported  relative  code      label
    SPUSH    000010        16  exported  relative  code      label
    STACK    000000         0  local     relative  code      label
    STK      000037        55  local     relative  data      label
    STKP     000034        52  exported  relative  data      label
    TEMP     000BEF      3055  local     relative  data      label
Literals
    label   definition
Relocations
    address length flag symbol
    00001        3
    00004        5
    0000B        3
    00011        3
    0001D        3
    00023        3
    0002F        3
